0 info it worked if it ends with ok
1 verbose cli [ 'node', '/usr/local/bin/npm', 'install', 'jekyll' ]
2 info using npm@2.12.1
3 info using node@v0.12.7
4 verbose node symlink /usr/local/bin/node
5 verbose config Skipping project config: /Users/runfastlynda/.npmrc. (matches userconfig)
6 verbose install initial load of /Users/runfastlynda/package.json
7 verbose installManyTop reading scoped package data from /Users/runfastlynda/node_modules/browser-sync/package.json
8 verbose installManyTop reading scoped package data from /Users/runfastlynda/node_modules/grunt/package.json
9 verbose installManyTop reading scoped package data from /Users/runfastlynda/node_modules/gulp/package.json
10 info package.json grunt@0.4.5 No license field.
11 info package.json browser-sync@2.7.1 No license field.
12 verbose readDependencies loading dependencies from /Users/runfastlynda/package.json
13 silly cache add args [ 'jekyll', null ]
14 verbose cache add spec jekyll
15 silly cache add parsed spec { raw: 'jekyll',
15 silly cache add   scope: null,
15 silly cache add   name: 'jekyll',
15 silly cache add   rawSpec: '',
15 silly cache add   spec: '*',
15 silly cache add   type: 'range' }
16 silly addNamed jekyll@*
17 verbose addNamed "*" is a valid semver range for jekyll
18 silly addNameRange { name: 'jekyll', range: '*', hasData: false }
19 silly mapToRegistry name jekyll
20 silly mapToRegistry using default registry
21 silly mapToRegistry registry https://registry.npmjs.org/
22 silly mapToRegistry uri https://registry.npmjs.org/jekyll
23 verbose addNameRange registry:https://registry.npmjs.org/jekyll not in flight; fetching
24 verbose request uri https://registry.npmjs.org/jekyll
25 verbose request no auth needed
26 info attempt registry request try #1 at 23:00:17
27 verbose request id 6b315e72a7ef2ba6
28 http request GET https://registry.npmjs.org/jekyll
29 http 200 https://registry.npmjs.org/jekyll
30 silly get cb [ 200,
30 silly get   { server: 'CouchDB/1.5.0 (Erlang OTP/R16B03)',
30 silly get     etag: '"861DH907E3APUT89G5UUQGY5U"',
30 silly get     'content-type': 'application/json',
30 silly get     'cache-control': 'max-age=300',
30 silly get     'content-length': '4430',
30 silly get     'accept-ranges': 'bytes',
30 silly get     date: 'Thu, 07 Jan 2016 15:00:19 GMT',
30 silly get     via: '1.1 varnish',
30 silly get     age: '0',
30 silly get     connection: 'keep-alive',
30 silly get     'x-served-by': 'cache-lcy1130-LCY',
30 silly get     'x-cache': 'MISS',
30 silly get     'x-cache-hits': '0',
30 silly get     'x-timer': 'S1452178819.186521,VS0,VE166',
30 silly get     vary: 'Accept' } ]
31 verbose get saving jekyll to /Users/runfastlynda/.npm/registry.npmjs.org/jekyll/.cache.json
32 silly addNameRange number 2 { name: 'jekyll', range: '*', hasData: true }
33 silly addNameRange versions [ 'jekyll', [ '3.0.0-beta1' ] ]
34 verbose stack Error: No compatible version found: jekyll@'*'
34 verbose stack Valid install targets:
34 verbose stack ["3.0.0-beta1"]
34 verbose stack
34 verbose stack     at installTargetsError (/usr/local/lib/node_modules/npm/lib/cache/add-named.js:274:12)
34 verbose stack     at next (/usr/local/lib/node_modules/npm/lib/cache/add-named.js:253:17)
34 verbose stack     at setData (/usr/local/lib/node_modules/npm/lib/cache/add-named.js:230:5)
34 verbose stack     at RES (/usr/local/lib/node_modules/npm/node_modules/inflight/inflight.js:23:14)
34 verbose stack     at f (/usr/local/lib/node_modules/npm/node_modules/once/once.js:17:25)
34 verbose stack     at fixName (/usr/local/lib/node_modules/npm/lib/cache/add-named.js:29:5)
34 verbose stack     at saved (/usr/local/lib/node_modules/npm/lib/cache/caching-client.js:173:7)
34 verbose stack     at FSReqWrap.oncomplete (fs.js:95:15)
35 verbose cwd /Users/runfastlynda/github/runfastlynda.github.io
36 error Darwin 15.2.0
37 error argv "node" "/usr/local/bin/npm" "install" "jekyll"
38 error node v0.12.7
39 error npm  v2.12.1
40 error code ETARGET
41 error notarget No compatible version found: jekyll@'*'
41 error notarget Valid install targets:
41 error notarget ["3.0.0-beta1"]
41 error notarget
41 error notarget This is most likely not a problem with npm itself.
41 error notarget In most cases you or one of your dependencies are requesting
41 error notarget a package version that doesn't exist.
42 verbose exit [ 1, true ]
